<?xml version="1.0" encoding="UTF-8"?>
<!-- Generated by org.testng.reporters.JUnitReportReporter -->
<testsuite hostname="LAPTOP-OQ06GB3N" failures="0" tests="1" name="RCB_TEST" time="2.317" errors="0" timestamp="2022-11-30T17:49:36 IST" skipped="0">
  <testcase classname="RCB_TEST" name="no_of_foreing_players" time="2.317"/>
  <system-out/>
</testsuite> <!-- RCB_TEST -->
